Testing 2196B with 1 test case(s)
============================================================

Test 1:
‚è±Ô∏è TIME LIMIT EXCEEDED (>1s)
‚ùå FAILED
------------------------------------------------------------

============================================================
üí• SOME TESTS FAILED